#
# There is insufficient memory for the Java Runtime Environment to continue.
# Native memory allocation (mmap) failed to map 39845888 bytes for G1 virtual space
# Possible reasons:
#   The system is out of physical RAM or swap space
#   The process is running with CompressedOops enabled, and the Java Heap may be blocking the growth of the native heap
# Possible solutions:
#   Reduce memory load on the system
#   Increase physical memory or swap space
#   Check if swap backing store is full
#   Decrease Java heap size (-Xmx/-Xms)
#   Decrease number of Java threads
#   Decrease Java thread stack sizes (-Xss)
#   Set larger code cache with -XX:ReservedCodeCacheSize=
#   JVM is running with Unscaled Compressed Oops mode in which the Java heap is
#     placed in the first 4GB address space. The Java Heap base address is the
#     maximum limit for the native heap growth. Please use -XX:HeapBaseMinAddress
#     to set the Java Heap base and to place the Java Heap above 4GB virtual address.
# This output file may be truncated or incomplete.
#
#  Out of Memory Error (os_windows.cpp:3600), pid=1320, tid=9192
#
# JRE version: Java(TM) SE Runtime Environment (21.0.2+13) (build 21.0.2+13-LTS-58)
# Java VM: Java HotSpot(TM) 64-Bit Server VM (21.0.2+13-LTS-58, mixed mode, sharing, tiered, compressed oops, compressed class ptrs, g1 gc, windows-amd64)
# No core dump will be written. Minidumps are not enabled by default on client versions of Windows
#

---------------  S U M M A R Y ------------

Command Line: -Dclassworlds.conf=D:\Netbeans\NetBeans-21\netbeans\java\maven\bin\m2.conf -Dmaven.home=D:\Netbeans\NetBeans-21\netbeans\java\maven -Dlibrary.jansi.path=D:\Netbeans\NetBeans-21\netbeans\java\maven\lib\jansi-native -Dmaven.multiModuleProjectDirectory=D:\University\Semester4\HQT\ThucHanh\QLKTX\QLKTX_HQT org.codehaus.plexus.classworlds.launcher.Launcher -Dexec.vmArgs= -Dexec.args=${exec.vmArgs} -classpath %classpath ${exec.mainClass} ${exec.appArgs} -Dexec.appArgs= -Dexec.mainClass=com.mycompany.qlktx.QLKTX -Dexec.executable=C:\Program Files\Java\jdk-21\bin\java.exe -Dmaven.ext.class.path=D:\Netbeans\NetBeans-21\netbeans\java\maven-nblib\netbeans-eventspy.jar --no-transfer-progress process-classes org.codehaus.mojo:exec-maven-plugin:3.1.0:exec

Host: 12th Gen Intel(R) Core(TM) i5-12450H, 12 cores, 7G,  Windows 11 , 64 bit Build 22621 (10.0.22621.3527)
Time: Thu Jun 13 10:54:11 2024 SE Asia Standard Time elapsed time: 3.093214 seconds (0d 0h 0m 3s)

---------------  T H R E A D  ---------------

Current thread (0x00000186df4aed80):  VMThread "VM Thread"          [id=9192, stack(0x0000006df3300000,0x0000006df3400000) (1024K)]

Stack: [0x0000006df3300000,0x0000006df3400000]
Native frames: (J=compiled Java code, j=interpreted, Vv=VM code, C=native code)
V  [jvm.dll+0x6cade9]
V  [jvm.dll+0x8569c1]
V  [jvm.dll+0x858d2e]
V  [jvm.dll+0x859413]
V  [jvm.dll+0x280e56]
V  [jvm.dll+0x6c74d5]
V  [jvm.dll+0x6bbeca]
V  [jvm.dll+0x355bca]
V  [jvm.dll+0x35d816]
V  [jvm.dll+0x3ae67e]
V  [jvm.dll+0x3ae928]
V  [jvm.dll+0x3295dc]
V  [jvm.dll+0x329667]
V  [jvm.dll+0x36df1c]
V  [jvm.dll+0x36c71d]
V  [jvm.dll+0x328d51]
V  [jvm.dll+0x36be2a]
V  [jvm.dll+0x85ef18]
V  [jvm.dll+0x860014]
V  [jvm.dll+0x860550]
V  [jvm.dll+0x8607f3]
V  [jvm.dll+0x7ff568]
V  [jvm.dll+0x6c953d]
C  [ucrtbase.dll+0x29333]
C  [KERNEL32.DLL+0x1257d]
C  [ntdll.dll+0x5aa48]

VM_Operation (0x0000006df2cfc780): G1CollectForAllocation, mode: safepoint, requested by thread 0x00000186df4cf180


---------------  P R O C E S S  ---------------

Threads class SMR info:
_java_thread_list=0x00000186feb40640, length=13, elements={
0x00000186df4cf180, 0x00000186fe3d20f0, 0x00000186fe3d4cc0, 0x00000186fe3d6bf0,
0x00000186fe3d7650, 0x00000186fe3d8540, 0x00000186fe3d9200, 0x00000186fe3fa840,
0x00000186fe401ae0, 0x00000186fe68f220, 0x00000186fe697db0, 0x00000186feb94c00,
0x00000186fef81c20
}

Java Threads: ( => current thread )
  0x00000186df4cf180 JavaThread "main"                              [_thread_blocked, id=2528, stack(0x0000006df2c00000,0x0000006df2d00000) (1024K)]
  0x00000186fe3d20f0 JavaThread "Reference Handler"          daemon [_thread_blocked, id=19876, stack(0x0000006df3400000,0x0000006df3500000) (1024K)]
  0x00000186fe3d4cc0 JavaThread "Finalizer"                  daemon [_thread_blocked, id=2616, stack(0x0000006df3500000,0x0000006df3600000) (1024K)]
  0x00000186fe3d6bf0 JavaThread "Signal Dispatcher"          daemon [_thread_blocked, id=29048, stack(0x0000006df3600000,0x0000006df3700000) (1024K)]
  0x00000186fe3d7650 JavaThread "Attach Listener"            daemon [_thread_blocked, id=30084, stack(0x0000006df3700000,0x0000006df3800000) (1024K)]
  0x00000186fe3d8540 JavaThread "Service Thread"             daemon [_thread_blocked, id=17024, stack(0x0000006df3800000,0x0000006df3900000) (1024K)]
  0x00000186fe3d9200 JavaThread "Monitor Deflation Thread"   daemon [_thread_blocked, id=31668, stack(0x0000006df3900000,0x0000006df3a00000) (1024K)]
  0x00000186fe3fa840 JavaThread "C2 CompilerThread0"         daemon [_thread_blocked, id=5332, stack(0x0000006df3a00000,0x0000006df3b00000) (1024K)]
  0x00000186fe401ae0 JavaThread "C1 CompilerThread0"         daemon [_thread_blocked, id=15004, stack(0x0000006df3b00000,0x0000006df3c00000) (1024K)]
  0x00000186fe68f220 JavaThread "Notification Thread"        daemon [_thread_blocked, id=20396, stack(0x0000006df3c00000,0x0000006df3d00000) (1024K)]
  0x00000186fe697db0 JavaThread "Common-Cleaner"             daemon [_thread_blocked, id=28988, stack(0x0000006df3d00000,0x0000006df3e00000) (1024K)]
  0x00000186feb94c00 JavaThread "C2 CompilerThread1"         daemon [_thread_blocked, id=18244, stack(0x0000006df3e00000,0x0000006df3f00000) (1024K)]
  0x00000186fef81c20 JavaThread "C2 CompilerThread2"         daemon [_thread_in_native, id=1768, stack(0x0000006df3f00000,0x0000006df4000000) (1024K)]
Total: 13

Other Threads:
=>0x00000186df4aed80 VMThread "VM Thread"                           [id=9192, stack(0x0000006df3300000,0x0000006df3400000) (1024K)]
  0x00000186fe399dd0 WatcherThread "VM Periodic Task Thread"        [id=27304, stack(0x0000006df3200000,0x0000006df3300000) (1024K)]
  0x00000186df4af120 WorkerThread "GC Thread#0"                     [id=30940, stack(0x0000006df2d00000,0x0000006df2e00000) (1024K)]
  0x00000186df4ae9e0 WorkerThread "GC Thread#1"                     [id=25324, stack(0x0000006df4000000,0x0000006df4100000) (1024K)]
  0x00000186c59f9120 WorkerThread "GC Thread#2"                     [id=14908, stack(0x0000006df4100000,0x0000006df4200000) (1024K)]
  0x00000186c59f7f00 WorkerThread "GC Thread#3"                     [id=16020, stack(0x0000006df4200000,0x0000006df4300000) (1024K)]
  0x00000186c59f6ce0 WorkerThread "GC Thread#4"                     [id=24020, stack(0x0000006df4300000,0x0000006df4400000) (1024K)]
  0x00000186c59f6200 WorkerThread "GC Thread#5"                     [id=8552, stack(0x0000006df4400000,0x0000006df4500000) (1024K)]
  0x00000186c59f82a0 WorkerThread "GC Thread#6"                     [id=30456, stack(0x0000006df4500000,0x0000006df4600000) (1024K)]
  0x00000186c59f6940 WorkerThread "GC Thread#7"                     [id=9096, stack(0x0000006df4600000,0x0000006df4700000) (1024K)]
  0x00000186c59f8640 WorkerThread "GC Thread#8"                     [id=19892, stack(0x0000006df4700000,0x0000006df4800000) (1024K)]
  0x00000186c59f8d80 WorkerThread "GC Thread#9"                     [id=26684, stack(0x0000006df4800000,0x0000006df4900000) (1024K)]
  0x00000186e17cf8f0 ConcurrentGCThread "G1 Main Marker"            [id=20392, stack(0x0000006df2e00000,0x0000006df2f00000) (1024K)]
  0x00000186df4adf00 WorkerThread "G1 Conc#0"                       [id=25328, stack(0x0000006df2f00000,0x0000006df3000000) (1024K)]
  0x00000186c59f5720 WorkerThread "G1 Conc#1"                       [id=13168, stack(0x0000006df4900000,0x0000006df4a00000) (1024K)]
  0x00000186c59f7420 WorkerThread "G1 Conc#2"                       [id=26316, stack(0x0000006df4a00000,0x0000006df4b00000) (1024K)]
  0x00000186fe269a50 ConcurrentGCThread "G1 Refine#0"               [id=22588, stack(0x0000006df3000000,0x0000006df3100000) (1024K)]
  0x00000186fe26a4d0 ConcurrentGCThread "G1 Service"                [id=8640, stack(0x0000006df3100000,0x0000006df3200000) (1024K)]
Total: 18

Threads with active compile tasks:
C2 CompilerThread0     3110 7116       4       java.util.HashMap::removeNode (291 bytes)
C1 CompilerThread0     3110 7139   !   2       com.sun.tools.javac.comp.Flow$FlowAnalyzer::visitVarDef (67 bytes)
C2 CompilerThread1     3110 7068       4       com.sun.tools.javac.comp.Resolve$AbstractMethodCheck::argumentsAcceptable (288 bytes)
C2 CompilerThread2     3110 7066       4       com.sun.tools.javac.comp.Attr::selectSym (457 bytes)
Total: 4

VM state: at safepoint (normal execution)

VM Mutex/Monitor currently owned by a thread:  ([mutex/lock_event])
[0x00007ff9dd20cd68] Threads_lock - owner thread: 0x00000186df4aed80
[0x00007ff9dd20ce68] Heap_lock - owner thread: 0x00000186df4cf180

Heap address: 0x0000000085e00000, size: 1954 MB, Compressed Oops mode: 32-bit

CDS archive(s) mapped at: [0x0000018680000000-0x0000018680c90000-0x0000018680c90000), size 13172736, SharedBaseAddress: 0x0000018680000000, ArchiveRelocationMode: 1.
Compressed class space mapped at: 0x0000018681000000-0x00000186c1000000, reserved size: 1073741824
Narrow klass base: 0x0000018680000000, Narrow klass shift: 0, Narrow klass range: 0x100000000

GC Precious Log:
 CardTable entry size: 512
 Card Set container configuration: InlinePtr #cards 5 size 8 Array Of Cards #cards 12 size 40 Howl #buckets 4 coarsen threshold 1843 Howl Bitmap #cards 512 size 80 coarsen threshold 460 Card regions per heap region 1 cards per card region 2048
 CPUs: 12 total, 12 available
 Memory: 7813M
 Large Page Support: Disabled
 NUMA Support: Disabled
 Compressed Oops: Enabled (32-bit)
 Heap Region Size: 1M
 Heap Min Capacity: 8M
 Heap Initial Capacity: 124M
 Heap Max Capacity: 1954M
 Pre-touch: Disabled
 Parallel Workers: 10
 Concurrent Workers: 3
 Concurrent Refinement Workers: 10
 Periodic GC: Disabled

Heap:
 garbage-first heap   total 83968K, used 43454K [0x0000000085e00000, 0x0000000100000000)
  region size 1024K, 3 young (3072K), 3 survivors (3072K)
 Metaspace       used 28238K, committed 28672K, reserved 1114112K
  class space    used 3172K, committed 3392K, reserved 1048576K

Heap Regions: E=young(eden), S=young(survivor), O=old, HS=humongous(starts), HC=humongous(continues), CS=collection set, F=free, TAMS=top-at-mark-start, PB=parsable bottom
|   0|0x0000000085e00000, 0x0000000085f00000, 0x0000000085f00000|100%| O|  |TAMS 0x0000000085e00000| PB 0x0000000085e00000| Untracked 
|   1|0x0000000085f00000, 0x0000000086000000, 0x0000000086000000|100%| O|  |TAMS 0x0000000085f00000| PB 0x0000000085f00000| Untracked 
|   2|0x0000000086000000, 0x0000000086100000, 0x0000000086100000|100%| O|  |TAMS 0x0000000086000000| PB 0x0000000086000000| Untracked 
|   3|0x0000000086100000, 0x0000000086200000, 0x0000000086200000|100%| O|  |TAMS 0x0000000086100000| PB 0x0000000086100000| Untracked 
|   4|0x0000000086200000, 0x0000000086300000, 0x0000000086300000|100%| O|  |TAMS 0x0000000086200000| PB 0x0000000086200000| Untracked 
|   5|0x0000000086300000, 0x0000000086400000, 0x0000000086400000|100%| O|  |TAMS 0x0000000086300000| PB 0x0000000086300000| Untracked 
|   6|0x0000000086400000, 0x0000000086500000, 0x0000000086500000|100%| O|  |TAMS 0x0000000086400000| PB 0x0000000086400000| Untracked 
|   7|0x0000000086500000, 0x0000000086600000, 0x0000000086600000|100%| O|  |TAMS 0x0000000086500000| PB 0x0000000086500000| Untracked 
|   8|0x0000000086600000, 0x0000000086700000, 0x0000000086700000|100%| O|  |TAMS 0x0000000086600000| PB 0x0000000086600000| Untracked 
|   9|0x0000000086700000, 0x0000000086800000, 0x0000000086800000|100%| O|  |TAMS 0x0000000086700000| PB 0x0000000086700000| Untracked 
|  10|0x0000000086800000, 0x0000000086900000, 0x0000000086900000|100%| O|  |TAMS 0x0000000086800000| PB 0x0000000086800000| Untracked 
|  11|0x0000000086900000, 0x0000000086a00000, 0x0000000086a00000|100%| O|  |TAMS 0x0000000086900000| PB 0x0000000086900000| Untracked 
|  12|0x0000000086a00000, 0x0000000086b00000, 0x0000000086b00000|100%| O|Cm|TAMS 0x0000000086a00000| PB 0x0000000086a00000| Complete 
|  13|0x0000000086b00000, 0x0000000086c00000, 0x0000000086c00000|100%|HS|  |TAMS 0x0000000086b00000| PB 0x0000000086b00000| Complete 
|  14|0x0000000086c00000, 0x0000000086d00000, 0x0000000086d00000|100%| O|  |TAMS 0x0000000086c00000| PB 0x0000000086c00000| Untracked 
|  15|0x0000000086d00000, 0x0000000086e00000, 0x0000000086e00000|100%| O|  |TAMS 0x0000000086d00000| PB 0x0000000086d00000| Untracked 
|  16|0x0000000086e00000, 0x0000000086f00000, 0x0000000086f00000|100%| O|  |TAMS 0x0000000086e00000| PB 0x0000000086e00000| Untracked 
|  17|0x0000000086f00000, 0x0000000087000000, 0x0000000087000000|100%| O|  |TAMS 0x0000000086f00000| PB 0x0000000086f00000| Untracked 
|  18|0x0000000087000000, 0x0000000087100000, 0x0000000087100000|100%| O|  |TAMS 0x0000000087000000| PB 0x0000000087000000| Untracked 
|  19|0x0000000087100000, 0x0000000087200000, 0x0000000087200000|100%| O|  |TAMS 0x0000000087100000| PB 0x0000000087100000| Untracked 
|  20|0x0000000087200000, 0x0000000087300000, 0x0000000087300000|100%| O|  |TAMS 0x0000000087200000| PB 0x0000000087200000| Untracked 
|  21|0x0000000087300000, 0x0000000087400000, 0x0000000087400000|100%| O|  |TAMS 0x0000000087300000| PB 0x0000000087300000| Untracked 
|  22|0x0000000087400000, 0x0000000087500000, 0x0000000087500000|100%| O|  |TAMS 0x0000000087400000| PB 0x0000000087400000| Untracked 
|  23|0x0000000087500000, 0x0000000087600000, 0x0000000087600000|100%| O|  |TAMS 0x0000000087500000| PB 0x0000000087500000| Untracked 
|  24|0x0000000087600000, 0x0000000087700000, 0x0000000087700000|100%| O|  |TAMS 0x0000000087600000| PB 0x0000000087600000| Untracked 
|  25|0x0000000087700000, 0x0000000087800000, 0x0000000087800000|100%| O|  |TAMS 0x0000000087700000| PB 0x0000000087700000| Untracked 
|  26|0x0000000087800000, 0x0000000087900000, 0x0000000087900000|100%| O|  |TAMS 0x0000000087800000| PB 0x0000000087800000| Untracked 
|  27|0x0000000087900000, 0x0000000087a00000, 0x0000000087a00000|100%| O|  |TAMS 0x0000000087900000| PB 0x0000000087900000| Untracked 
|  28|0x0000000087a00000, 0x0000000087b00000, 0x0000000087b00000|100%| O|  |TAMS 0x0000000087a00000| PB 0x0000000087a00000| Untracked 
|  29|0x0000000087b00000, 0x0000000087b00000, 0x0000000087c00000|  0%| F|  |TAMS 0x0000000087b00000| PB 0x0000000087b00000| Untracked 
|  30|0x0000000087c00000, 0x0000000087c00000, 0x0000000087d00000|  0%| F|  |TAMS 0x0000000087c00000| PB 0x0000000087c00000| Untracked 
|  31|0x0000000087d00000, 0x0000000087d00000, 0x0000000087e00000|  0%| F|  |TAMS 0x0000000087d00000| PB 0x0000000087d00000| Untracked 
|  32|0x0000000087e00000, 0x0000000087e00000, 0x0000000087f00000|  0%| F|  |TAMS 0x0000000087e00000| PB 0x0000000087e00000| Untracked 
|  33|0x0000000087f00000, 0x0000000087f00000, 0x0000000088000000|  0%| F|  |TAMS 0x0000000087f00000| PB 0x0000000087f00000| Untracked 
|  34|0x0000000088000000, 0x0000000088000000, 0x0000000088100000|  0%| F|  |TAMS 0x0000000088000000| PB 0x0000000088000000| Untracked 
|  35|0x0000000088100000, 0x0000000088100000, 0x0000000088200000|  0%| F|  |TAMS 0x0000000088100000| PB 0x0000000088100000| Untracked 
|  36|0x0000000088200000, 0x0000000088200000, 0x0000000088300000|  0%| F|  |TAMS 0x0000000088200000| PB 0x0000000088200000| Untracked 
|  37|0x0000000088300000, 0x0000000088300000, 0x0000000088400000|  0%| F|  |TAMS 0x0000000088300000| PB 0x0000000088300000| Untracked 
|  38|0x0000000088400000, 0x000000008846f890, 0x0000000088500000| 43%| S|CS|TAMS 0x0000000088400000| PB 0x0000000088400000| Complete 
|  39|0x0000000088500000, 0x0000000088600000, 0x0000000088600000|100%| S|CS|TAMS 0x0000000088500000| PB 0x0000000088500000| Complete 
|  40|0x0000000088600000, 0x0000000088700000, 0x0000000088700000|100%| S|CS|TAMS 0x0000000088600000| PB 0x0000000088600000| Complete 
|  41|0x0000000088700000, 0x0000000088700000, 0x0000000088800000|  0%| F|  |TAMS 0x0000000088700000| PB 0x0000000088700000| Untracked 
|  42|0x0000000088800000, 0x0000000088800000, 0x0000000088900000|  0%| F|  |TAMS 0x0000000088800000| PB 0x0000000088800000| Untracked 
|  43|0x0000000088900000, 0x0000000088900000, 0x0000000088a00000|  0%| F|  |TAMS 0x0000000088900000| PB 0x0000000088900000| Untracked 
|  44|0x0000000088a00000, 0x0000000088a00000, 0x0000000088b00000|  0%| F|  |TAMS 0x0000000088a00000| PB 0x0000000088a00000| Untracked 
|  45|0x0000000088b00000, 0x0000000088b00000, 0x0000000088c00000|  0%| F|  |TAMS 0x0000000088b00000| PB 0x0000000088b00000| Untracked 
|  46|0x0000000088c00000, 0x0000000088c00000, 0x0000000088d00000|  0%| F|  |TAMS 0x0000000088c00000| PB 0x0000000088c00000| Untracked 
|  47|0x0000000088d00000, 0x0000000088d00000, 0x0000000088e00000|  0%| F|  |TAMS 0x0000000088d00000| PB 0x0000000088d00000| Untracked 
|  48|0x0000000088e00000, 0x0000000088e00000, 0x0000000088f00000|  0%| F|  |TAMS 0x0000000088e00000| PB 0x0000000088e00000| Untracked 
|  49|0x0000000088f00000, 0x0000000088f00000, 0x0000000089000000|  0%| F|  |TAMS 0x0000000088f00000| PB 0x0000000088f00000| Untracked 
|  50|0x0000000089000000, 0x0000000089000000, 0x0000000089100000|  0%| F|  |TAMS 0x0000000089000000| PB 0x0000000089000000| Untracked 
|  51|0x0000000089100000, 0x0000000089100000, 0x0000000089200000|  0%| F|  |TAMS 0x0000000089100000| PB 0x0000000089100000| Untracked 
|  52|0x0000000089200000, 0x0000000089200000, 0x0000000089300000|  0%| F|  |TAMS 0x0000000089200000| PB 0x0000000089200000| Untracked 
|  53|0x0000000089300000, 0x0000000089300000, 0x0000000089400000|  0%| F|  |TAMS 0x0000000089300000| PB 0x0000000089300000| Untracked 
|  54|0x0000000089400000, 0x0000000089400000, 0x0000000089500000|  0%| F|  |TAMS 0x0000000089400000| PB 0x0000000089400000| Untracked 
|  55|0x0000000089500000, 0x0000000089500000, 0x0000000089600000|  0%| F|  |TAMS 0x0000000089500000| PB 0x0000000089500000| Untracked 
|  56|0x0000000089600000, 0x0000000089600000, 0x0000000089700000|  0%| F|  |TAMS 0x0000000089600000| PB 0x0000000089600000| Untracked 
|  57|0x0000000089700000, 0x0000000089700000, 0x0000000089800000|  0%| F|  |TAMS 0x0000000089700000| PB 0x0000000089700000| Untracked 
|  58|0x0000000089800000, 0x0000000089800000, 0x0000000089900000|  0%| F|  |TAMS 0x0000000089800000| PB 0x0000000089800000| Untracked 
|  59|0x0000000089900000, 0x0000000089900000, 0x0000000089a00000|  0%| F|  |TAMS 0x0000000089900000| PB 0x0000000089900000| Untracked 
|  60|0x0000000089a00000, 0x0000000089a00000, 0x0000000089b00000|  0%| F|  |TAMS 0x0000000089a00000| PB 0x0000000089a00000| Untracked 
|  61|0x0000000089b00000, 0x0000000089b00000, 0x0000000089c00000|  0%| F|  |TAMS 0x0000000089b00000| PB 0x0000000089b00000| Untracked 
|  62|0x0000000089c00000, 0x0000000089c00000, 0x0000000089d00000|  0%| F|  |TAMS 0x0000000089c00000| PB 0x0000000089c00000| Untracked 
|  63|0x0000000089d00000, 0x0000000089d00000, 0x0000000089e00000|  0%| F|  |TAMS 0x0000000089d00000| PB 0x0000000089d00000| Untracked 
|  64|0x0000000089e00000, 0x0000000089e00000, 0x0000000089f00000|  0%| F|  |TAMS 0x0000000089e00000| PB 0x0000000089e00000| Untracked 
|  65|0x0000000089f00000, 0x0000000089f00000, 0x000000008a000000|  0%| F|  |TAMS 0x0000000089f00000| PB 0x0000000089f00000| Untracked 
|  66|0x000000008a000000, 0x000000008a000000, 0x000000008a100000|  0%| F|  |TAMS 0x000000008a000000| PB 0x000000008a000000| Untracked 
|  67|0x000000008a100000, 0x000000008a100000, 0x000000008a200000|  0%| F|  |TAMS 0x000000008a100000| PB 0x000000008a100000| Untracked 
|  68|0x000000008a200000, 0x000000008a200000, 0x000000008a300000|  0%| F|  |TAMS 0x000000008a200000| PB 0x000000008a200000| Untracked 
| 122|0x000000008d800000, 0x000000008d800000, 0x000000008d900000|  0%| F|  |TAMS 0x000000008d800000| PB 0x000000008d800000| Untracked 
| 123|0x000000008d900000, 0x000000008d900000, 0x000000008da00000|  0%| F|  |TAMS 0x000000008d900000| PB 0x000000008d900000| Untracked 
|1943|0x00000000ff500000, 0x00000000ff600000, 0x00000000ff600000|100%| O|  |TAMS 0x00000000ff500000| PB 0x00000000ff500000| Untracked 
|1944|0x00000000ff600000, 0x00000000ff700000, 0x00000000ff700000|100%| O|  |TAMS 0x00000000ff600000| PB 0x00000000ff600000| Untracked 
|1945|0x00000000ff700000, 0x00000000ff800000, 0x00000000ff800000|100%| O|  |TAMS 0x00000000ff700000| PB 0x00000000ff700000| Untracked 
|1946|0x00000000ff800000, 0x00000000ff900000, 0x00000000ff900000|100%| O|  |TAMS 0x00000000ff800000| PB 0x00000000ff800000| Untracked 
|1947|0x00000000ff900000, 0x00000000ffa00000, 0x00000000ffa00000|100%| O|  |TAMS 0x00000000ff900000| PB 0x00000000ff900000| Untracked 
|1948|0x00000000ffa00000, 0x00000000ffb00000, 0x00000000ffb00000|100%| O|  |TAMS 0x00000000ffa00000| PB 0x00000000ffa00000| Untracked 
|1949|0x00000000ffb00000, 0x00000000ffc00000, 0x00000000ffc00000|100%| O|  |TAMS 0x00000000ffb00000| PB 0x00000000ffb00000| Untracked 
|1950|0x00000000ffc00000, 0x00000000ffd00000, 0x00000000ffd00000|100%| O|  |TAMS 0x00000000ffc00000| PB 0x00000000ffc00000| Untracked 
|1951|0x00000000ffd00000, 0x00000000ffe00000, 0x00000000ffe00000|100%| O|  |TAMS 0x00000000ffd00000| PB 0x00000000ffd00000| Untracked 
|1952|0x00000000ffe00000, 0x00000000fff00000, 0x00000000fff00000|100%| O|  |TAMS 0x00000000ffe00000| PB 0x00000000ffe00000| Untracked 
|1953|0x00000000fff00000, 0x0000000100000000, 0x0000000100000000|100%| O|  |TAMS 0x00000000fff00000| PB 0x00000000fff00000| Untracked 

Card table byte_map: [0x00000186f9500000,0x00000186f98e0000] _byte_map_base: 0x00000186f90d1000

Marking Bits: (CMBitMap*) 0x00000186e17bea10
 Bits: [0x00000186f98e0000, 0x00000186fb768000)

Polling page: 0x00000186df480000

Metaspace:

Usage:
  Non-class:     24.48 MB used.
      Class:      3.10 MB used.
       Both:     27.58 MB used.

Virtual space:
  Non-class space:       64.00 MB reserved,      24.69 MB ( 39%) committed,  1 nodes.
      Class space:        1.00 GB reserved,       3.31 MB ( <1%) committed,  1 nodes.
             Both:        1.06 GB reserved,      28.00 MB (  3%) committed. 

Chunk freelists:
   Non-Class:  7.11 MB
       Class:  12.66 MB
        Both:  19.77 MB

MaxMetaspaceSize: unlimited
CompressedClassSpaceSize: 1.00 GB
Initial GC threshold: 21.00 MB
Current GC threshold: 46.50 MB
CDS: on
 - commit_granule_bytes: 65536.
 - commit_granule_words: 8192.
 - virtual_space_node_default_size: 8388608.
 - enlarge_chunks_in_place: 1.
 - use_allocation_guard: 0.


Internal statistics:

num_allocs_failed_limit: 3.
num_arena_births: 294.
num_arena_deaths: 0.
num_vsnodes_births: 2.
num_vsnodes_deaths: 0.
num_space_committed: 448.
num_space_uncommitted: 0.
num_chunks_returned_to_freelist: 3.
num_chunks_taken_from_freelist: 1271.
num_chunk_merges: 3.
num_chunk_splits: 924.
num_chunks_enlarged: 742.
num_inconsistent_stats: 0.

CodeHeap 'non-profiled nmethods': size=120000Kb used=3279Kb max_used=3460Kb free=116720Kb
 bounds [0x00000186f16a0000, 0x00000186f1a20000, 0x00000186f8bd0000]
CodeHeap 'profiled nmethods': size=120000Kb used=14114Kb max_used=14981Kb free=105885Kb
 bounds [0x00000186e9bd0000, 0x00000186eaa80000, 0x00000186f1100000]
CodeHeap 'non-nmethods': size=5760Kb used=1445Kb max_used=1498Kb free=4315Kb
 bounds [0x00000186f1100000, 0x00000186f1370000, 0x00000186f16a0000]
 total_blobs=7052 nmethods=6522 adapters=434
 compilation: enabled
              stopped_count=0, restarted_count=0
 full_count=0

Compilation events (20 events):
Event: 3.084 Thread 0x00000186fe401ae0 nmethod 7130 0x00000186ea13bf10 code [0x00000186ea13c0c0, 0x00000186ea13c200]
Event: 3.084 Thread 0x00000186fe401ae0 7132       2       com.sun.tools.javac.comp.Flow$AliveAnalyzer::scanStats (33 bytes)
Event: 3.085 Thread 0x00000186fe401ae0 nmethod 7132 0x00000186ea13b990 code [0x00000186ea13bb40, 0x00000186ea13bd48]
Event: 3.085 Thread 0x00000186fe401ae0 7134       3       com.sun.tools.javac.comp.Flow$AssignAnalyzer::visitIdent (37 bytes)
Event: 3.085 Thread 0x00000186fe401ae0 nmethod 7134 0x00000186e9db8210 code [0x00000186e9db8400, 0x00000186e9db8948]
Event: 3.085 Thread 0x00000186fe401ae0 7140       3       com.sun.tools.javac.util.ListBuffer::isEmpty (13 bytes)
Event: 3.085 Thread 0x00000186fe401ae0 nmethod 7140 0x00000186e9db7e90 code [0x00000186e9db8020, 0x00000186e9db8188]
Event: 3.085 Thread 0x00000186fe401ae0 7133       2       com.sun.tools.javac.comp.Flow$AssignAnalyzer::visitNewClass (25 bytes)
Event: 3.086 Thread 0x00000186fe401ae0 nmethod 7133 0x00000186e9db7410 code [0x00000186e9db7600, 0x00000186e9db79e0]
Event: 3.086 Thread 0x00000186fe401ae0 7137   !   2       com.sun.tools.javac.comp.Flow$FlowAnalyzer::visitNewClass (141 bytes)
Event: 3.086 Thread 0x00000186fe401ae0 nmethod 7137 0x00000186e9c43b90 code [0x00000186e9c43e00, 0x00000186e9c447a0]
Event: 3.086 Thread 0x00000186fe401ae0 7142       3       com.sun.tools.javac.code.Type$StructuralTypeMapping$4::<init> (11 bytes)
Event: 3.087 Thread 0x00000186fe401ae0 nmethod 7142 0x00000186e9dfe790 code [0x00000186e9dfe980, 0x00000186e9dfeea8]
Event: 3.087 Thread 0x00000186fe401ae0 7143       3       com.sun.tools.javac.comp.TransTypes::coerce (54 bytes)
Event: 3.087 Thread 0x00000186fe401ae0 nmethod 7143 0x00000186e9dfde90 code [0x00000186e9dfe0a0, 0x00000186e9dfe588]
Event: 3.087 Thread 0x00000186fe401ae0 7135   !   2       com.sun.tools.javac.comp.Flow$AssignAnalyzer::visitVarDef (135 bytes)
Event: 3.087 Thread 0x00000186fe401ae0 nmethod 7135 0x00000186e9e03310 code [0x00000186e9e03520, 0x00000186e9e03a70]
Event: 3.087 Thread 0x00000186fe401ae0 7131       2       com.sun.tools.javac.tree.TreeScanner::visitParens (9 bytes)
Event: 3.087 Thread 0x00000186fe401ae0 nmethod 7131 0x00000186e9c43590 code [0x00000186e9c43740, 0x00000186e9c43878]
Event: 3.087 Thread 0x00000186fe401ae0 7139   !   2       com.sun.tools.javac.comp.Flow$FlowAnalyzer::visitVarDef (67 bytes)

GC Heap History (17 events):
Event: 0.385 GC heap before
{Heap before GC invocations=0 (full 0):
 garbage-first heap   total 126976K, used 22528K [0x0000000085e00000, 0x0000000100000000)
  region size 1024K, 23 young (23552K), 0 survivors (0K)
 Metaspace       used 5835K, committed 6016K, reserved 1114112K
  class space    used 674K, committed 768K, reserved 1048576K
}
Event: 0.390 GC heap after
{Heap after GC invocations=1 (full 0):
 garbage-first heap   total 126976K, used 3968K [0x0000000085e00000, 0x0000000100000000)
  region size 1024K, 3 young (3072K), 3 survivors (3072K)
 Metaspace       used 5835K, committed 6016K, reserved 1114112K
  class space    used 674K, committed 768K, reserved 1048576K
}
Event: 0.741 GC heap before
{Heap before GC invocations=1 (full 0):
 garbage-first heap   total 126976K, used 35712K [0x0000000085e00000, 0x0000000100000000)
  region size 1024K, 34 young (34816K), 3 survivors (3072K)
 Metaspace       used 10705K, committed 10880K, reserved 1114112K
  class space    used 1275K, committed 1344K, reserved 1048576K
}
Event: 0.747 GC heap after
{Heap after GC invocations=2 (full 0):
 garbage-first heap   total 126976K, used 6161K [0x0000000085e00000, 0x0000000100000000)
  region size 1024K, 3 young (3072K), 3 survivors (3072K)
 Metaspace       used 10705K, committed 10880K, reserved 1114112K
  class space    used 1275K, committed 1344K, reserved 1048576K
}
Event: 1.798 GC heap before
{Heap before GC invocations=2 (full 0):
 garbage-first heap   total 126976K, used 71697K [0x0000000085e00000, 0x0000000100000000)
  region size 1024K, 68 young (69632K), 3 survivors (3072K)
 Metaspace       used 21189K, committed 21504K, reserved 1114112K
  class space    used 2489K, committed 2688K, reserved 1048576K
}
Event: 1.806 GC heap after
{Heap after GC invocations=3 (full 0):
 garbage-first heap   total 126976K, used 11956K [0x0000000085e00000, 0x0000000100000000)
  region size 1024K, 8 young (8192K), 8 survivors (8192K)
 Metaspace       used 21189K, committed 21504K, reserved 1114112K
  class space    used 2489K, committed 2688K, reserved 1048576K
}
Event: 2.066 GC heap before
{Heap before GC invocations=4 (full 0):
 garbage-first heap   total 48128K, used 47796K [0x0000000085e00000, 0x0000000100000000)
  region size 1024K, 43 young (44032K), 8 survivors (8192K)
 Metaspace       used 24619K, committed 24960K, reserved 1114112K
  class space    used 2825K, committed 3008K, reserved 1048576K
}
Event: 2.080 GC heap after
{Heap after GC invocations=5 (full 0):
 garbage-first heap   total 66560K, used 21321K [0x0000000085e00000, 0x0000000100000000)
  region size 1024K, 10 young (10240K), 10 survivors (10240K)
 Metaspace       used 24619K, committed 24960K, reserved 1114112K
  class space    used 2825K, committed 3008K, reserved 1048576K
}
Event: 2.205 GC heap before
{Heap before GC invocations=5 (full 0):
 garbage-first heap   total 66560K, used 51017K [0x0000000085e00000, 0x0000000100000000)
  region size 1024K, 39 young (39936K), 10 survivors (10240K)
 Metaspace       used 25193K, committed 25472K, reserved 1114112K
  class space    used 2897K, committed 3008K, reserved 1048576K
}
Event: 2.217 GC heap after
{Heap after GC invocations=6 (full 0):
 garbage-first heap   total 83968K, used 28672K [0x0000000085e00000, 0x0000000100000000)
  region size 1024K, 5 young (5120K), 5 survivors (5120K)
 Metaspace       used 25193K, committed 25472K, reserved 1114112K
  class space    used 2897K, committed 3008K, reserved 1048576K
}
Event: 2.388 GC heap before
{Heap before GC invocations=6 (full 0):
 garbage-first heap   total 83968K, used 64512K [0x0000000085e00000, 0x0000000100000000)
  region size 1024K, 40 young (40960K), 5 survivors (5120K)
 Metaspace       used 25855K, committed 26240K, reserved 1114112K
  class space    used 2966K, committed 3136K, reserved 1048576K
}
Event: 2.397 GC heap after
{Heap after GC invocations=7 (full 0):
 garbage-first heap   total 83968K, used 36352K [0x0000000085e00000, 0x0000000100000000)
  region size 1024K, 5 young (5120K), 5 survivors (5120K)
 Metaspace       used 25855K, committed 26240K, reserved 1114112K
  class space    used 2966K, committed 3136K, reserved 1048576K
}
Event: 2.600 GC heap before
{Heap before GC invocations=7 (full 0):
 garbage-first heap   total 83968K, used 68096K [0x0000000085e00000, 0x0000000100000000)
  region size 1024K, 35 young (35840K), 5 survivors (5120K)
 Metaspace       used 26561K, committed 26880K, reserved 1114112K
  class space    used 3026K, committed 3200K, reserved 1048576K
}
Event: 2.608 GC heap after
{Heap after GC invocations=8 (full 0):
 garbage-first heap   total 83968K, used 40943K [0x0000000085e00000, 0x0000000100000000)
  region size 1024K, 4 young (4096K), 4 survivors (4096K)
 Metaspace       used 26561K, committed 26880K, reserved 1114112K
  class space    used 3026K, committed 3200K, reserved 1048576K
}
Event: 2.909 GC heap before
{Heap before GC invocations=8 (full 0):
 garbage-first heap   total 83968K, used 69615K [0x0000000085e00000, 0x0000000100000000)
  region size 1024K, 32 young (32768K), 4 survivors (4096K)
 Metaspace       used 28085K, committed 28480K, reserved 1114112K
  class space    used 3172K, committed 3392K, reserved 1048576K
}
Event: 2.915 GC heap after
{Heap after GC invocations=9 (full 0):
 garbage-first heap   total 83968K, used 43008K [0x0000000085e00000, 0x0000000100000000)
  region size 1024K, 2 young (2048K), 2 survivors (2048K)
 Metaspace       used 28085K, committed 28480K, reserved 1114112K
  class space    used 3172K, committed 3392K, reserved 1048576K
}
Event: 3.088 GC heap before
{Heap before GC invocations=10 (full 0):
 garbage-first heap   total 83968K, used 71680K [0x0000000085e00000, 0x0000000100000000)
  region size 1024K, 30 young (30720K), 2 survivors (2048K)
 Metaspace       used 28238K, committed 28672K, reserved 1114112K
  class space    used 3172K, committed 3392K, reserved 1048576K
}

Dll operation events (8 events):
Event: 0.004 Loaded shared library C:\Program Files\Java\jdk-21\bin\java.dll
Event: 0.026 Loaded shared library C:\Program Files\Java\jdk-21\bin\jsvml.dll
Event: 0.036 Loaded shared library C:\Program Files\Java\jdk-21\bin\net.dll
Event: 0.037 Loaded shared library C:\Program Files\Java\jdk-21\bin\nio.dll
Event: 0.039 Loaded shared library C:\Program Files\Java\jdk-21\bin\zip.dll
Event: 0.096 Loaded shared library C:\Program Files\Java\jdk-21\bin\jimage.dll
Event: 0.102 Loaded shared library D:\Netbeans\NetBeans-21\netbeans\java\maven\lib\jansi-native\Windows\x86_64\jansi.dll
Event: 0.108 Loaded shared library C:\Program Files\Java\jdk-21\bin\verify.dll

Deoptimization events (20 events):
Event: 2.977 Thread 0x00000186df4cf180 DEOPT PACKING pc=0x00000186f182c15c sp=0x0000006df2cf6390
Event: 2.977 Thread 0x00000186df4cf180 DEOPT UNPACKING pc=0x00000186f11546a2 sp=0x0000006df2cf6300 mode 2
Event: 2.978 Thread 0x00000186df4cf180 Uncommon trap: trap_request=0xffffff45 fr.pc=0x00000186f19cd270 relative=0x00000000000001f0
Event: 2.978 Thread 0x00000186df4cf180 Uncommon trap: reason=unstable_if action=reinterpret pc=0x00000186f19cd270 method=java.util.HashMap.putVal(ILjava/lang/Object;Ljava/lang/Object;ZZ)Ljava/lang/Object; @ 162 c2
Event: 2.978 Thread 0x00000186df4cf180 DEOPT PACKING pc=0x00000186f19cd270 sp=0x0000006df2cf9fa0
Event: 2.978 Thread 0x00000186df4cf180 DEOPT UNPACKING pc=0x00000186f11546a2 sp=0x0000006df2cf9ec8 mode 2
Event: 2.980 Thread 0x00000186df4cf180 Uncommon trap: trap_request=0xffffff45 fr.pc=0x00000186f19a86a0 relative=0x0000000000000ae0
Event: 2.980 Thread 0x00000186df4cf180 Uncommon trap: reason=unstable_if action=reinterpret pc=0x00000186f19a86a0 method=java.util.HashMap.removeNode(ILjava/lang/Object;Ljava/lang/Object;ZZ)Ljava/util/HashMap$Node; @ 97 c2
Event: 2.981 Thread 0x00000186df4cf180 DEOPT PACKING pc=0x00000186f19a86a0 sp=0x0000006df2cfbda0
Event: 2.981 Thread 0x00000186df4cf180 DEOPT UNPACKING pc=0x00000186f11546a2 sp=0x0000006df2cfbcd0 mode 2
Event: 2.981 Thread 0x00000186df4cf180 Uncommon trap: trap_request=0xffffff45 fr.pc=0x00000186f19a69ec relative=0x0000000000000a2c
Event: 2.981 Thread 0x00000186df4cf180 Uncommon trap: reason=unstable_if action=reinterpret pc=0x00000186f19a69ec method=java.util.HashMap.removeNode(ILjava/lang/Object;Ljava/lang/Object;ZZ)Ljava/util/HashMap$Node; @ 97 c2
Event: 2.981 Thread 0x00000186df4cf180 DEOPT PACKING pc=0x00000186f19a69ec sp=0x0000006df2cfa350
Event: 2.981 Thread 0x00000186df4cf180 DEOPT UNPACKING pc=0x00000186f11546a2 sp=0x0000006df2cfa320 mode 2
Event: 3.004 Thread 0x00000186df4cf180 DEOPT PACKING pc=0x00000186ea93ba7d sp=0x0000006df2cf74d0
Event: 3.004 Thread 0x00000186df4cf180 DEOPT UNPACKING pc=0x00000186f1154e42 sp=0x0000006df2cf6900 mode 0
Event: 3.043 Thread 0x00000186df4cf180 Uncommon trap: trap_request=0xffffffc6 fr.pc=0x00000186f19dc434 relative=0x00000000000004d4
Event: 3.043 Thread 0x00000186df4cf180 Uncommon trap: reason=bimorphic_or_optimized_type_check action=maybe_recompile pc=0x00000186f19dc434 method=com.sun.tools.javac.code.Types$16.visitClassType(Lcom/sun/tools/javac/code/Type$ClassType;Ljava/lang/Void;)Lcom/sun/tools/javac/util/List; @ 64 c2
Event: 3.043 Thread 0x00000186df4cf180 DEOPT PACKING pc=0x00000186f19dc434 sp=0x0000006df2cfb650
Event: 3.043 Thread 0x00000186df4cf180 DEOPT UNPACKING pc=0x00000186f11546a2 sp=0x0000006df2cfb590 mode 2

Classes loaded (20 events):
Event: 2.733 Loading class java/util/EnumMap$EntryIterator
Event: 2.733 Loading class java/util/EnumMap$EnumMapIterator
Event: 2.733 Loading class java/util/EnumMap$EnumMapIterator done
Event: 2.733 Loading class java/util/EnumMap$EntryIterator done
Event: 2.733 Loading class java/util/EnumMap$EntryIterator$Entry
Event: 2.733 Loading class java/util/EnumMap$EntryIterator$Entry done
Event: 2.863 Loading class java/lang/runtime/ObjectMethods
Event: 2.864 Loading class java/lang/runtime/ObjectMethods done
Event: 2.865 Loading class java/lang/invoke/MethodHandleImpl$Makers
Event: 2.865 Loading class java/lang/invoke/MethodHandleImpl$Makers done
Event: 2.865 Loading class java/lang/invoke/MethodHandleImpl$Makers$1
Event: 2.865 Loading class java/lang/invoke/MethodHandleImpl$Makers$1 done
Event: 2.865 Loading class java/lang/invoke/MethodHandleImpl$Makers$2
Event: 2.865 Loading class java/lang/invoke/MethodHandleImpl$Makers$2 done
Event: 2.865 Loading class java/lang/invoke/MethodHandleImpl$Makers$3
Event: 2.865 Loading class java/lang/invoke/MethodHandleImpl$Makers$3 done
Event: 2.869 Loading class java/lang/runtime/ObjectMethods$1
Event: 2.869 Loading class java/lang/runtime/ObjectMethods$1 done
Event: 2.871 Loading class java/lang/invoke/DirectMethodHandle$1
Event: 2.871 Loading class java/lang/invoke/DirectMethodHandle$1 done

Classes unloaded (0 events):
No events

Classes redefined (0 events):
No events

Internal exceptions (20 events):
Event: 2.955 Thread 0x00000186df4cf180 Exception <a 'sun/nio/fs/WindowsException'{0x000000008d8e2dc0}> (0x000000008d8e2dc0) 
thrown [s\open\src\hotspot\share\prims\jni.cpp, line 520]
Event: 2.956 Thread 0x00000186df4cf180 Exception <a 'sun/nio/fs/WindowsException'{0x000000008d8e75f8}> (0x000000008d8e75f8) 
thrown [s\open\src\hotspot\share\prims\jni.cpp, line 520]
Event: 2.958 Thread 0x00000186df4cf180 Exception <a 'sun/nio/fs/WindowsException'{0x000000008d8ebe30}> (0x000000008d8ebe30) 
thrown [s\open\src\hotspot\share\prims\jni.cpp, line 520]
Event: 2.959 Thread 0x00000186df4cf180 Exception <a 'sun/nio/fs/WindowsException'{0x000000008d8f0668}> (0x000000008d8f0668) 
thrown [s\open\src\hotspot\share\prims\jni.cpp, line 520]
Event: 2.960 Thread 0x00000186df4cf180 Exception <a 'sun/nio/fs/WindowsException'{0x000000008d8f4ea8}> (0x000000008d8f4ea8) 
thrown [s\open\src\hotspot\share\prims\jni.cpp, line 520]
Event: 2.961 Thread 0x00000186df4cf180 Exception <a 'sun/nio/fs/WindowsException'{0x000000008d8f96e8}> (0x000000008d8f96e8) 
thrown [s\open\src\hotspot\share\prims\jni.cpp, line 520]
Event: 2.962 Thread 0x00000186df4cf180 Exception <a 'sun/nio/fs/WindowsException'{0x000000008d8fdf28}> (0x000000008d8fdf28) 
thrown [s\open\src\hotspot\share\prims\jni.cpp, line 520]
Event: 2.964 Thread 0x00000186df4cf180 Exception <a 'sun/nio/fs/WindowsException'{0x000000008a202c48}> (0x000000008a202c48) 
thrown [s\open\src\hotspot\share\prims\jni.cpp, line 520]
Event: 2.965 Thread 0x00000186df4cf180 Exception <a 'sun/nio/fs/WindowsException'{0x000000008a207488}> (0x000000008a207488) 
thrown [s\open\src\hotspot\share\prims\jni.cpp, line 520]
Event: 2.971 Thread 0x00000186df4cf180 Exception <a 'sun/nio/fs/WindowsException'{0x000000008a263860}> (0x000000008a263860) 
thrown [s\open\src\hotspot\share\prims\jni.cpp, line 520]
Event: 2.991 Thread 0x00000186df4cf180 Exception <a 'sun/nio/fs/WindowsException'{0x0000000089d29628}> (0x0000000089d29628) 
thrown [s\open\src\hotspot\share\prims\jni.cpp, line 520]
Event: 3.024 Thread 0x00000186df4cf180 Exception <a 'sun/nio/fs/WindowsException'{0x00000000894e5320}> (0x00000000894e5320) 
thrown [s\open\src\hotspot\share\prims\jni.cpp, line 520]
Event: 3.025 Thread 0x00000186df4cf180 Exception <a 'sun/nio/fs/WindowsException'{0x00000000894e9a90}> (0x00000000894e9a90) 
thrown [s\open\src\hotspot\share\prims\jni.cpp, line 520]
Event: 3.027 Thread 0x00000186df4cf180 Exception <a 'sun/nio/fs/WindowsException'{0x00000000894ee1c0}> (0x00000000894ee1c0) 
thrown [s\open\src\hotspot\share\prims\jni.cpp, line 520]
Event: 3.028 Thread 0x00000186df4cf180 Exception <a 'sun/nio/fs/WindowsException'{0x00000000894f28f0}> (0x00000000894f28f0) 
thrown [s\open\src\hotspot\share\prims\jni.cpp, line 520]
Event: 3.032 Thread 0x00000186df4cf180 Exception <a 'sun/nio/fs/WindowsException'{0x000000008933be68}> (0x000000008933be68) 
thrown [s\open\src\hotspot\share\prims\jni.cpp, line 520]
Event: 3.051 Thread 0x00000186df4cf180 Exception <a 'sun/nio/fs/WindowsException'{0x0000000088f0aa10}> (0x0000000088f0aa10) 
thrown [s\open\src\hotspot\share\prims\jni.cpp, line 520]
Event: 3.053 Thread 0x00000186df4cf180 Exception <a 'sun/nio/fs/WindowsException'{0x0000000088f0f768}> (0x0000000088f0f768) 
thrown [s\open\src\hotspot\share\prims\jni.cpp, line 520]
Event: 3.054 Thread 0x00000186df4cf180 Exception <a 'sun/nio/fs/WindowsException'{0x0000000088f14238}> (0x0000000088f14238) 
thrown [s\open\src\hotspot\share\prims\jni.cpp, line 520]
Event: 3.058 Thread 0x00000186df4cf180 Exception <a 'sun/nio/fs/WindowsException'{0x0000000088f41bc8}> (0x0000000088f41bc8) 
thrown [s\open\src\hotspot\share\prims\jni.cpp, line 520]

ZGC Phase Switch (0 events):
No events

VM Operations (20 events):
Event: 2.746 Executing VM operation: ICBufferFull done
Event: 2.800 Executing VM operation: ICBufferFull
Event: 2.800 Executing VM operation: ICBufferFull done
Event: 2.821 Executing VM operation: HandshakeAllThreads (Deoptimize)
Event: 2.821 Executing VM operation: HandshakeAllThreads (Deoptimize) done
Event: 2.821 Executing VM operation: ICBufferFull
Event: 2.822 Executing VM operation: ICBufferFull done
Event: 2.862 Executing VM operation: HandshakeAllThreads (Deoptimize)
Event: 2.862 Executing VM operation: HandshakeAllThreads (Deoptimize) done
Event: 2.885 Executing VM operation: ICBufferFull
Event: 2.885 Executing VM operation: ICBufferFull done
Event: 2.909 Executing VM operation: G1CollectForAllocation (G1 Evacuation Pause)
Event: 2.916 Executing VM operation: G1CollectForAllocation (G1 Evacuation Pause) done
Event: 2.927 Executing VM operation: G1PauseRemark
Event: 2.933 Executing VM operation: G1PauseRemark done
Event: 2.940 Executing VM operation: G1PauseCleanup
Event: 2.941 Executing VM operation: G1PauseCleanup done
Event: 3.003 Executing VM operation: ICBufferFull
Event: 3.003 Executing VM operation: ICBufferFull done
Event: 3.088 Executing VM operation: G1CollectForAllocation (G1 Evacuation Pause)

Events (20 events):
Event: 2.933 Thread 0x00000186df4aed80 flushing nmethod 0x00000186f16f7b90
Event: 2.933 Thread 0x00000186df4aed80 flushing nmethod 0x00000186f16f1d90
Event: 2.933 Thread 0x00000186df4aed80 flushing nmethod 0x00000186f1709e90
Event: 2.933 Thread 0x00000186df4aed80 flushing nmethod 0x00000186f1707410
Event: 2.933 Thread 0x00000186df4aed80 flushing nmethod 0x00000186f16f0510
Event: 2.933 Thread 0x00000186df4aed80 flushing nmethod 0x00000186f16e7810
Event: 2.933 Thread 0x00000186df4aed80 flushing nmethod 0x00000186f16e1590
Event: 2.933 Thread 0x00000186df4aed80 flushing nmethod 0x00000186f16df890
Event: 2.933 Thread 0x00000186df4aed80 flushing nmethod 0x00000186f16dca10
Event: 2.933 Thread 0x00000186df4aed80 flushing nmethod 0x00000186f16d4110
Event: 2.933 Thread 0x00000186df4aed80 flushing nmethod 0x00000186f16cd890
Event: 2.933 Thread 0x00000186df4aed80 flushing nmethod 0x00000186f16cce90
Event: 2.933 Thread 0x00000186df4aed80 flushing nmethod 0x00000186f16c5690
Event: 2.933 Thread 0x00000186df4aed80 flushing nmethod 0x00000186f16b2590
Event: 2.933 Thread 0x00000186df4aed80 flushing nmethod 0x00000186f16b1890
Event: 2.933 Thread 0x00000186df4aed80 flushing nmethod 0x00000186f16b0d90
Event: 2.933 Thread 0x00000186df4aed80 flushing nmethod 0x00000186f16a9990
Event: 2.933 Thread 0x00000186df4aed80 flushing nmethod 0x00000186f16a8d90
Event: 2.933 Thread 0x00000186df4aed80 flushing nmethod 0x00000186f16aa610
Event: 2.933 Thread 0x00000186df4aed80 flushing nmethod 0x00000186f16a0610


Dynamic libraries:
0x00007ff6ab960000 - 0x00007ff6ab970000 	C:\Program Files\Java\jdk-21\bin\java.exe
0x00007ffa65d70000 - 0x00007ffa65f87000 	C:\WINDOWS\SYSTEM32\ntdll.dll
0x00007ffa642c0000 - 0x00007ffa64384000 	C:\WINDOWS\System32\KERNEL32.DLL
0x00007ffa63130000 - 0x00007ffa634d7000 	C:\WINDOWS\System32\KERNELBASE.dll
0x00007ffa63830000 - 0x00007ffa63941000 	C:\WINDOWS\System32\ucrtbase.dll
0x00007ffa50e10000 - 0x00007ffa50e2b000 	C:\Program Files\Java\jdk-21\bin\VCRUNTIME140.dll
0x00007ffa54c10000 - 0x00007ffa54c29000 	C:\Program Files\Java\jdk-21\bin\jli.dll
0x00007ffa63c10000 - 0x00007ffa63cc2000 	C:\WINDOWS\System32\ADVAPI32.dll
0x00007ffa64390000 - 0x00007ffa64437000 	C:\WINDOWS\System32\msvcrt.dll
0x00007ffa649a0000 - 0x00007ffa64a48000 	C:\WINDOWS\System32\sechost.dll
0x00007ffa63a70000 - 0x00007ffa63a98000 	C:\WINDOWS\System32\bcrypt.dll
0x00007ffa63f80000 - 0x00007ffa64095000 	C:\WINDOWS\System32\RPCRT4.dll
0x00007ffa64a60000 - 0x00007ffa64c0e000 	C:\WINDOWS\System32\USER32.dll
0x00007ffa635a0000 - 0x00007ffa635c6000 	C:\WINDOWS\System32\win32u.dll
0x00007ffa63bc0000 - 0x00007ffa63be9000 	C:\WINDOWS\System32\GDI32.dll
0x00007ffa59c90000 - 0x00007ffa59f23000 	C:\WINDOWS\WinSxS\amd64_microsoft.windows.common-controls_6595b64144ccf1df_6.0.22621.3527_none_270e469b73872a76\COMCTL32.dll
0x00007ffa63950000 - 0x00007ffa63a69000 	C:\WINDOWS\System32\gdi32full.dll
0x00007ffa63090000 - 0x00007ffa6312a000 	C:\WINDOWS\System32\msvcp_win.dll
0x00007ffa5a680000 - 0x00007ffa5a68a000 	C:\WINDOWS\SYSTEM32\VERSION.dll
0x00007ffa63f40000 - 0x00007ffa63f71000 	C:\WINDOWS\System32\IMM32.DLL
0x00007ffa5b610000 - 0x00007ffa5b61c000 	C:\Program Files\Java\jdk-21\bin\vcruntime140_1.dll
0x00007ffa48ac0000 - 0x00007ffa48b4e000 	C:\Program Files\Java\jdk-21\bin\msvcp140.dll
0x00007ff9dc5d0000 - 0x00007ff9dd2e7000 	C:\Program Files\Java\jdk-21\bin\server\jvm.dll
0x00007ffa640a0000 - 0x00007ffa64111000 	C:\WINDOWS\System32\WS2_32.dll
0x00007ffa61ef0000 - 0x00007ffa61f3d000 	C:\WINDOWS\SYSTEM32\POWRPROF.dll
0x00007ffa5b5a0000 - 0x00007ffa5b5d4000 	C:\WINDOWS\SYSTEM32\WINMM.dll
0x00007ffa61ed0000 - 0x00007ffa61ee3000 	C:\WINDOWS\SYSTEM32\UMPDC.dll
0x00007ffa62180000 - 0x00007ffa62198000 	C:\WINDOWS\SYSTEM32\kernel.appcore.dll
0x00007ffa59a20000 - 0x00007ffa59a2a000 	C:\Program Files\Java\jdk-21\bin\jimage.dll
0x00007ffa60890000 - 0x00007ffa60ac2000 	C:\WINDOWS\SYSTEM32\DBGHELP.DLL
0x00007ffa644a0000 - 0x00007ffa64828000 	C:\WINDOWS\System32\combase.dll
0x00007ffa648c0000 - 0x00007ffa64997000 	C:\WINDOWS\System32\OLEAUT32.dll
0x00007ffa59950000 - 0x00007ffa59982000 	C:\WINDOWS\SYSTEM32\dbgcore.DLL
0x00007ffa63640000 - 0x00007ffa636b9000 	C:\WINDOWS\System32\bcryptPrimitives.dll
0x00007ffa50720000 - 0x00007ffa5073f000 	C:\Program Files\Java\jdk-21\bin\java.dll
0x00007ffa64dc0000 - 0x00007ffa6561c000 	C:\WINDOWS\System32\SHELL32.dll
0x00007ffa60f90000 - 0x00007ffa61886000 	C:\WINDOWS\SYSTEM32\windows.storage.dll
0x00007ffa60e50000 - 0x00007ffa60f8e000 	C:\WINDOWS\SYSTEM32\wintypes.dll
0x00007ffa63ac0000 - 0x00007ffa63bb5000 	C:\WINDOWS\System32\SHCORE.dll
0x00007ffa64440000 - 0x00007ffa6449e000 	C:\WINDOWS\System32\shlwapi.dll
0x00007ffa62fc0000 - 0x00007ffa62fe1000 	C:\WINDOWS\SYSTEM32\profapi.dll
0x00007ffa49810000 - 0x00007ffa498e7000 	C:\Program Files\Java\jdk-21\bin\jsvml.dll
0x00007ffa56b40000 - 0x00007ffa56b50000 	C:\Program Files\Java\jdk-21\bin\net.dll
0x00007ffa5ea40000 - 0x00007ffa5eb76000 	C:\WINDOWS\SYSTEM32\WINHTTP.dll
0x00007ffa62610000 - 0x00007ffa62679000 	C:\WINDOWS\system32\mswsock.dll
0x00007ffa4b330000 - 0x00007ffa4b346000 	C:\Program Files\Java\jdk-21\bin\nio.dll
0x00007ffa4a170000 - 0x00007ffa4a188000 	C:\Program Files\Java\jdk-21\bin\zip.dll
0x0000000069ac0000 - 0x0000000069ae4000 	D:\Netbeans\NetBeans-21\netbeans\java\maven\lib\jansi-native\Windows\x86_64\jansi.dll
0x00007ffa50e00000 - 0x00007ffa50e10000 	C:\Program Files\Java\jdk-21\bin\verify.dll

dbghelp: loaded successfully - version: 4.0.5 - missing functions: none
symbol engine: initialized successfully - sym options: 0x614 - pdb path: .;C:\Program Files\Java\jdk-21\bin;C:\WINDOWS\SYSTEM32;C:\WINDOWS\WinSxS\amd64_microsoft.windows.common-controls_6595b64144ccf1df_6.0.22621.3527_none_270e469b73872a76;C:\Program Files\Java\jdk-21\bin\server;D:\Netbeans\NetBeans-21\netbeans\java\maven\lib\jansi-native\Windows\x86_64

VM Arguments:
jvm_args: -Dclassworlds.conf=D:\Netbeans\NetBeans-21\netbeans\java\maven\bin\m2.conf -Dmaven.home=D:\Netbeans\NetBeans-21\netbeans\java\maven -Dlibrary.jansi.path=D:\Netbeans\NetBeans-21\netbeans\java\maven\lib\jansi-native -Dmaven.multiModuleProjectDirectory=D:\University\Semester4\HQT\ThucHanh\QLKTX\QLKTX_HQT 
java_command: org.codehaus.plexus.classworlds.launcher.Launcher -Dexec.vmArgs= -Dexec.args=${exec.vmArgs} -classpath %classpath ${exec.mainClass} ${exec.appArgs} -Dexec.appArgs= -Dexec.mainClass=com.mycompany.qlktx.QLKTX -Dexec.executable=C:\Program Files\Java\jdk-21\bin\java.exe -Dmaven.ext.class.path=D:\Netbeans\NetBeans-21\netbeans\java\maven-nblib\netbeans-eventspy.jar --no-transfer-progress process-classes org.codehaus.mojo:exec-maven-plugin:3.1.0:exec
java_class_path (initial): D:\Netbeans\NetBeans-21\netbeans\java\maven\boot\plexus-classworlds-2.7.0.jar
Launcher Type: SUN_STANDARD

[Global flags]
     intx CICompilerCount                          = 4                                         {product} {ergonomic}
     uint ConcGCThreads                            = 3                                         {product} {ergonomic}
     uint G1ConcRefinementThreads                  = 10                                        {product} {ergonomic}
   size_t G1HeapRegionSize                         = 1048576                                   {product} {ergonomic}
    uintx GCDrainStackTargetSize                   = 64                                        {product} {ergonomic}
   size_t InitialHeapSize                          = 130023424                                 {product} {ergonomic}
   size_t MarkStackSize                            = 4194304                                   {product} {ergonomic}
   size_t MaxHeapSize                              = 2048917504                                {product} {ergonomic}
   size_t MaxNewSize                               = 1228931072                                {product} {ergonomic}
   size_t MinHeapDeltaBytes                        = 1048576                                   {product} {ergonomic}
   size_t MinHeapSize                              = 8388608                                   {product} {ergonomic}
    uintx NonNMethodCodeHeapSize                   = 5839372                                {pd product} {ergonomic}
    uintx NonProfiledCodeHeapSize                  = 122909434                              {pd product} {ergonomic}
    uintx ProfiledCodeHeapSize                     = 122909434                              {pd product} {ergonomic}
    uintx ReservedCodeCacheSize                    = 251658240                              {pd product} {ergonomic}
     bool SegmentedCodeCache                       = true                                      {product} {ergonomic}
   size_t SoftMaxHeapSize                          = 2048917504                             {manageable} {ergonomic}
     bool UseCompressedOops                        = true                           {product lp64_product} {ergonomic}
     bool UseG1GC                                  = true                                      {product} {ergonomic}
     bool UseLargePagesIndividualAllocation        = false                                  {pd product} {ergonomic}

Logging:
Log output configuration:
 #0: stdout all=warning uptime,level,tags foldmultilines=false
 #1: stderr all=off uptime,level,tags foldmultilines=false

Environment Variables:
JAVA_HOME=C:\Program Files\Java\jdk-21
PATH=C:\Program Files\Common Files\Oracle\Java\javapath;D:\app\oracle\product\19c\db_home1\bin;C:\msys64\mingw64\bin;C:\ProgramData\Oracle\Java\javapath;C:\Windows\system32;C:\Windows;C:\Windows\System32\Wbem;C:\Windows\System32\WindowsPowerShell\v1.0\;C:\Windows\System32\OpenSSH\;C:\Program Files (x86)\NVIDIA Corporation\PhysX\Common;C:\Program Files\NVIDIA Corporation\NVIDIA NvDLISR;C:\WINDOWS\system32;C:\WINDOWS;C:\WINDOWS\System32\Wbem;C:\WINDOWS\System32\WindowsPowerShell\v1.0\;C:\WINDOWS\System32\OpenSSH\;C:\SOFTWARE\MinGW\bin;C:\Program Files\Azure Data Studio\bin;C:\Program Files (x86)\Microsoft SQL Server\160\DTS\Binn\;C:\Program Files (x86)\Microsoft SQL Server\160\Tools\Binn\;C:\Program Files\Microsoft SQL Server\160\Tools\Binn\;C:\Program Files\Microsoft SQL Server\Client SDK\ODBC\170\Tools\Binn\;C:\Program Files\Microsoft SQL Server\160\DTS\Binn\;C:\Program Files\nodejs\;C:\Program Files\Cloudflare\Cloudflare WARP\;C:\Program Files\Java\jdk-11\bin;C:\Program Files\Git\cmd;D:\Code\PYTHON\Scripts\;D:\Code\PYTHON\;C:\SOFTWARE\MinGW\bin;C:\Program Files\Azure Data Studio\bin;C:\Users\PC\AppData\Local\Programs\Microsoft VS Code\bin;C:\Users\PC\AppData\Roaming\npm;D:\IntelliJ IDEA\IntelliJ IDEA 2024.1.1\bin;
USERNAME=PC
OS=Windows_NT
PROCESSOR_IDENTIFIER=Intel64 Family 6 Model 154 Stepping 3, GenuineIntel
TMP=C:\Users\PC\AppData\Local\Temp
TEMP=C:\Users\PC\AppData\Local\Temp




Periodic native trim disabled

---------------  S Y S T E M  ---------------

OS:
 Windows 11 , 64 bit Build 22621 (10.0.22621.3527)
OS uptime: 6 days 20:34 hours
Hyper-V role detected

CPU: total 12 (initial active 12) (6 cores per cpu, 2 threads per core) family 6 model 154 stepping 3 microcode 0x41c, cx8, cmov, fxsr, ht, mmx, 3dnowpref, sse, sse2, sse3, ssse3, sse4.1, sse4.2, popcnt, lzcnt, tsc, tscinvbit, avx, avx2, aes, erms, clmul, bmi1, bmi2, adx, sha, fma, vzeroupper, clflush, clflushopt, clwb, hv, serialize, rdtscp, rdpid, fsrm, f16c, cet_ibt, cet_ss
Processor Information for processor 0
  Max Mhz: 2000, Current Mhz: 2000, Mhz Limit: 2000
Processor Information for processor 1
  Max Mhz: 2000, Current Mhz: 2000, Mhz Limit: 2000
Processor Information for processor 2
  Max Mhz: 2000, Current Mhz: 2000, Mhz Limit: 2000
Processor Information for processor 3
  Max Mhz: 2000, Current Mhz: 2000, Mhz Limit: 2000
Processor Information for processor 4
  Max Mhz: 2000, Current Mhz: 2000, Mhz Limit: 2000
Processor Information for processor 5
  Max Mhz: 2000, Current Mhz: 2000, Mhz Limit: 2000
Processor Information for processor 6
  Max Mhz: 2000, Current Mhz: 2000, Mhz Limit: 2000
Processor Information for processor 7
  Max Mhz: 2000, Current Mhz: 2000, Mhz Limit: 2000
Processor Information for processor 8
  Max Mhz: 2000, Current Mhz: 1500, Mhz Limit: 1500
Processor Information for processor 9
  Max Mhz: 2000, Current Mhz: 1500, Mhz Limit: 1500
Processor Information for processor 10
  Max Mhz: 2000, Current Mhz: 1500, Mhz Limit: 1500
Processor Information for processor 11
  Max Mhz: 2000, Current Mhz: 1500, Mhz Limit: 1500

Memory: 4k page, system-wide physical 7813M (781M free)
TotalPageFile size 18682M (AvailPageFile size 28M)
current process WorkingSet (physical memory assigned to process): 225M, peak: 228M
current process commit charge ("private bytes"): 259M, peak: 296M

vm_info: Java HotSpot(TM) 64-Bit Server VM (21.0.2+13-LTS-58) for windows-amd64 JRE (21.0.2+13-LTS-58), built on 2024-01-05T18:32:24Z by "mach5one" with MS VC++ 17.1 (VS2022)

END.
