#
# There is insufficient memory for the Java Runtime Environment to continue.
# Native memory allocation (mmap) failed to map 130023424 bytes for G1 virtual space
# Possible reasons:
#   The system is out of physical RAM or swap space
#   The process is running with CompressedOops enabled, and the Java Heap may be blocking the growth of the native heap
# Possible solutions:
#   Reduce memory load on the system
#   Increase physical memory or swap space
#   Check if swap backing store is full
#   Decrease Java heap size (-Xmx/-Xms)
#   Decrease number of Java threads
#   Decrease Java thread stack sizes (-Xss)
#   Set larger code cache with -XX:ReservedCodeCacheSize=
#   JVM is running with Unscaled Compressed Oops mode in which the Java heap is
#     placed in the first 4GB address space. The Java Heap base address is the
#     maximum limit for the native heap growth. Please use -XX:HeapBaseMinAddress
#     to set the Java Heap base and to place the Java Heap above 4GB virtual address.
# This output file may be truncated or incomplete.
#
#  Out of Memory Error (os_windows.cpp:3600), pid=7608, tid=23992
#
# JRE version:  (21.0.2+13) (build )
# Java VM: Java HotSpot(TM) 64-Bit Server VM (21.0.2+13-LTS-58, mixed mode, sharing, tiered, compressed oops, compressed class ptrs, g1 gc, windows-amd64)
# No core dump will be written. Minidumps are not enabled by default on client versions of Windows
#

---------------  S U M M A R Y ------------

Command Line: -Dclassworlds.conf=D:\Netbeans\NetBeans-21\netbeans\java\maven\bin\m2.conf -Dmaven.home=D:\Netbeans\NetBeans-21\netbeans\java\maven -Dlibrary.jansi.path=D:\Netbeans\NetBeans-21\netbeans\java\maven\lib\jansi-native -Dmaven.multiModuleProjectDirectory=D:\University\Semester4\HQT\ThucHanh\QLKTX\QLKTX_HQT org.codehaus.plexus.classworlds.launcher.Launcher -Dexec.vmArgs= -Dexec.args=${exec.vmArgs} -classpath %classpath ${exec.mainClass} ${exec.appArgs} -Dexec.appArgs= -Dexec.mainClass=com.mycompany.qlktx.QLKTX -Dexec.executable=C:\Program Files\Java\jdk-21\bin\java.exe -Dmaven.ext.class.path=D:\Netbeans\NetBeans-21\netbeans\java\maven-nblib\netbeans-eventspy.jar --no-transfer-progress process-classes org.codehaus.mojo:exec-maven-plugin:3.1.0:exec

Host: 12th Gen Intel(R) Core(TM) i5-12450H, 12 cores, 7G,  Windows 11 , 64 bit Build 22621 (10.0.22621.3527)
Time: Wed Jun 12 14:23:02 2024 SE Asia Standard Time elapsed time: 0.007191 seconds (0d 0h 0m 0s)

---------------  T H R E A D  ---------------

Current thread (0x000001fdb3eddc40):  JavaThread "Unknown thread" [_thread_in_vm, id=23992, stack(0x0000007e6a800000,0x0000007e6a900000) (1024K)]

Stack: [0x0000007e6a800000,0x0000007e6a900000]
Native frames: (J=compiled Java code, j=interpreted, Vv=VM code, C=native code)
V  [jvm.dll+0x6cade9]
V  [jvm.dll+0x8569c1]
V  [jvm.dll+0x858d2e]
V  [jvm.dll+0x859413]
V  [jvm.dll+0x280e56]
V  [jvm.dll+0x6c74d5]
V  [jvm.dll+0x6bbeca]
V  [jvm.dll+0x355bca]
V  [jvm.dll+0x35d816]
V  [jvm.dll+0x3ae67e]
V  [jvm.dll+0x3ae928]
V  [jvm.dll+0x3295dc]
V  [jvm.dll+0x32a16b]
V  [jvm.dll+0x81efa9]
V  [jvm.dll+0x3bba01]
V  [jvm.dll+0x807928]
V  [jvm.dll+0x44f50e]
V  [jvm.dll+0x450e11]
C  [jli.dll+0x52a3]
C  [ucrtbase.dll+0x29333]
C  [KERNEL32.DLL+0x1257d]
C  [ntdll.dll+0x5aa48]


---------------  P R O C E S S  ---------------

Threads class SMR info:
_java_thread_list=0x00007ff9f7a6bb88, length=0, elements={
}

Java Threads: ( => current thread )
Total: 0

Other Threads:
  0x000001fdb617edf0 WorkerThread "GC Thread#0"                     [id=28092, stack(0x0000007e6a900000,0x0000007e6aa00000) (1024K)]
  0x000001fdb618f210 ConcurrentGCThread "G1 Main Marker"            [id=21212, stack(0x0000007e6aa00000,0x0000007e6ab00000) (1024K)]
  0x000001fdb6190920 WorkerThread "G1 Conc#0"                       [id=17460, stack(0x0000007e6ab00000,0x0000007e6ac00000) (1024K)]

[error occurred during error reporting (printing all threads), id 0xc0000005, EXCEPTION_ACCESS_VIOLATION (0xc0000005) at pc=0x00007ff9f71dc6a7]
VM state: not at safepoint (not fully initialized)

VM Mutex/Monitor currently owned by a thread:  ([mutex/lock_event])
[0x00007ff9f7adce68] Heap_lock - owner thread: 0x000001fdb3eddc40

Heap address: 0x0000000085e00000, size: 1954 MB, Compressed Oops mode: 32-bit

CDS archive(s) mapped at: [0x0000000000000000-0x0000000000000000-0x0000000000000000), size 0, SharedBaseAddress: 0x0000000800000000, ArchiveRelocationMode: 1.
Narrow klass base: 0x0000000000000000, Narrow klass shift: 0, Narrow klass range: 0x0

GC Precious Log:
 CardTable entry size: 512
 Card Set container configuration: InlinePtr #cards 5 size 8 Array Of Cards #cards 12 size 40 Howl #buckets 4 coarsen threshold 1843 Howl Bitmap #cards 512 size 80 coarsen threshold 460 Card regions per heap region 1 cards per card region 2048

Heap:
 garbage-first heap   total 0K, used 0K [0x0000000085e00000, 0x0000000100000000)
  region size 1024K, 0 young (0K), 0 survivors (0K)

[error occurred during error reporting (printing heap information), id 0xc0000005, EXCEPTION_ACCESS_VIOLATION (0xc0000005) at pc=0x00007ff9f75c39f9]
GC Heap History (0 events):
No events

Dll operation events (1 events):
Event: 0.004 Loaded shared library C:\Program Files\Java\jdk-21\bin\java.dll

Deoptimization events (0 events):
No events

Classes loaded (0 events):
No events

Classes unloaded (0 events):
No events

Classes redefined (0 events):
No events

Internal exceptions (0 events):
No events

ZGC Phase Switch (0 events):
No events

VM Operations (0 events):
No events

Events (0 events):
No events


Dynamic libraries:
0x00007ff6aeb00000 - 0x00007ff6aeb10000 	C:\Program Files\Java\jdk-21\bin\java.exe
0x00007ffa65d70000 - 0x00007ffa65f87000 	C:\WINDOWS\SYSTEM32\ntdll.dll
0x00007ffa642c0000 - 0x00007ffa64384000 	C:\WINDOWS\System32\KERNEL32.DLL
0x00007ffa63130000 - 0x00007ffa634d7000 	C:\WINDOWS\System32\KERNELBASE.dll
0x00007ffa63830000 - 0x00007ffa63941000 	C:\WINDOWS\System32\ucrtbase.dll
0x00007ffa488b0000 - 0x00007ffa488c9000 	C:\Program Files\Java\jdk-21\bin\jli.dll
0x00007ffa52680000 - 0x00007ffa5269b000 	C:\Program Files\Java\jdk-21\bin\VCRUNTIME140.dll
0x00007ffa63c10000 - 0x00007ffa63cc2000 	C:\WINDOWS\System32\ADVAPI32.dll
0x00007ffa64390000 - 0x00007ffa64437000 	C:\WINDOWS\System32\msvcrt.dll
0x00007ffa649a0000 - 0x00007ffa64a48000 	C:\WINDOWS\System32\sechost.dll
0x00007ffa63a70000 - 0x00007ffa63a98000 	C:\WINDOWS\System32\bcrypt.dll
0x00007ffa63f80000 - 0x00007ffa64095000 	C:\WINDOWS\System32\RPCRT4.dll
0x00007ffa64a60000 - 0x00007ffa64c0e000 	C:\WINDOWS\System32\USER32.dll
0x00007ffa635a0000 - 0x00007ffa635c6000 	C:\WINDOWS\System32\win32u.dll
0x00007ffa63bc0000 - 0x00007ffa63be9000 	C:\WINDOWS\System32\GDI32.dll
0x00007ffa59c90000 - 0x00007ffa59f23000 	C:\WINDOWS\WinSxS\amd64_microsoft.windows.common-controls_6595b64144ccf1df_6.0.22621.3527_none_270e469b73872a76\COMCTL32.dll
0x00007ffa63950000 - 0x00007ffa63a69000 	C:\WINDOWS\System32\gdi32full.dll
0x00007ffa63090000 - 0x00007ffa6312a000 	C:\WINDOWS\System32\msvcp_win.dll
0x00007ffa5a680000 - 0x00007ffa5a68a000 	C:\WINDOWS\SYSTEM32\VERSION.dll
0x00007ffa63f40000 - 0x00007ffa63f71000 	C:\WINDOWS\System32\IMM32.DLL
0x00007ffa5fc50000 - 0x00007ffa5fc5c000 	C:\Program Files\Java\jdk-21\bin\vcruntime140_1.dll
0x00007ffa19840000 - 0x00007ffa198ce000 	C:\Program Files\Java\jdk-21\bin\msvcp140.dll
0x00007ff9f6ea0000 - 0x00007ff9f7bb7000 	C:\Program Files\Java\jdk-21\bin\server\jvm.dll
0x00007ffa640a0000 - 0x00007ffa64111000 	C:\WINDOWS\System32\WS2_32.dll
0x00007ffa61ef0000 - 0x00007ffa61f3d000 	C:\WINDOWS\SYSTEM32\POWRPROF.dll
0x00007ffa5b5a0000 - 0x00007ffa5b5d4000 	C:\WINDOWS\SYSTEM32\WINMM.dll
0x00007ffa61ed0000 - 0x00007ffa61ee3000 	C:\WINDOWS\SYSTEM32\UMPDC.dll
0x00007ffa62180000 - 0x00007ffa62198000 	C:\WINDOWS\SYSTEM32\kernel.appcore.dll
0x00007ffa5ca30000 - 0x00007ffa5ca3a000 	C:\Program Files\Java\jdk-21\bin\jimage.dll
0x00007ffa60890000 - 0x00007ffa60ac2000 	C:\WINDOWS\SYSTEM32\DBGHELP.DLL
0x00007ffa644a0000 - 0x00007ffa64828000 	C:\WINDOWS\System32\combase.dll
0x00007ffa648c0000 - 0x00007ffa64997000 	C:\WINDOWS\System32\OLEAUT32.dll
0x00007ffa59950000 - 0x00007ffa59982000 	C:\WINDOWS\SYSTEM32\dbgcore.DLL
0x00007ffa63640000 - 0x00007ffa636b9000 	C:\WINDOWS\System32\bcryptPrimitives.dll
0x00007ffa52260000 - 0x00007ffa5227f000 	C:\Program Files\Java\jdk-21\bin\java.dll

dbghelp: loaded successfully - version: 4.0.5 - missing functions: none
symbol engine: initialized successfully - sym options: 0x614 - pdb path: .;C:\Program Files\Java\jdk-21\bin;C:\WINDOWS\SYSTEM32;C:\WINDOWS\WinSxS\amd64_microsoft.windows.common-controls_6595b64144ccf1df_6.0.22621.3527_none_270e469b73872a76;C:\Program Files\Java\jdk-21\bin\server

VM Arguments:
jvm_args: -Dclassworlds.conf=D:\Netbeans\NetBeans-21\netbeans\java\maven\bin\m2.conf -Dmaven.home=D:\Netbeans\NetBeans-21\netbeans\java\maven -Dlibrary.jansi.path=D:\Netbeans\NetBeans-21\netbeans\java\maven\lib\jansi-native -Dmaven.multiModuleProjectDirectory=D:\University\Semester4\HQT\ThucHanh\QLKTX\QLKTX_HQT 
java_command: org.codehaus.plexus.classworlds.launcher.Launcher -Dexec.vmArgs= -Dexec.args=${exec.vmArgs} -classpath %classpath ${exec.mainClass} ${exec.appArgs} -Dexec.appArgs= -Dexec.mainClass=com.mycompany.qlktx.QLKTX -Dexec.executable=C:\Program Files\Java\jdk-21\bin\java.exe -Dmaven.ext.class.path=D:\Netbeans\NetBeans-21\netbeans\java\maven-nblib\netbeans-eventspy.jar --no-transfer-progress process-classes org.codehaus.mojo:exec-maven-plugin:3.1.0:exec
java_class_path (initial): D:\Netbeans\NetBeans-21\netbeans\java\maven\boot\plexus-classworlds-2.7.0.jar
Launcher Type: SUN_STANDARD

[Global flags]
     intx CICompilerCount                          = 4                                         {product} {ergonomic}
     uint ConcGCThreads                            = 3                                         {product} {ergonomic}
     uint G1ConcRefinementThreads                  = 10                                        {product} {ergonomic}
   size_t G1HeapRegionSize                         = 1048576                                   {product} {ergonomic}
    uintx GCDrainStackTargetSize                   = 64                                        {product} {ergonomic}
   size_t InitialHeapSize                          = 130023424                                 {product} {ergonomic}
   size_t MarkStackSize                            = 4194304                                   {product} {ergonomic}
   size_t MaxHeapSize                              = 2048917504                                {product} {ergonomic}
   size_t MinHeapDeltaBytes                        = 1048576                                   {product} {ergonomic}
   size_t MinHeapSize                              = 8388608                                   {product} {ergonomic}
    uintx NonNMethodCodeHeapSize                   = 5839372                                {pd product} {ergonomic}
    uintx NonProfiledCodeHeapSize                  = 122909434                              {pd product} {ergonomic}
    uintx ProfiledCodeHeapSize                     = 122909434                              {pd product} {ergonomic}
    uintx ReservedCodeCacheSize                    = 251658240                              {pd product} {ergonomic}
     bool SegmentedCodeCache                       = true                                      {product} {ergonomic}
   size_t SoftMaxHeapSize                          = 2048917504                             {manageable} {ergonomic}
     bool UseCompressedOops                        = true                           {product lp64_product} {ergonomic}
     bool UseG1GC                                  = true                                      {product} {ergonomic}
     bool UseLargePagesIndividualAllocation        = false                                  {pd product} {ergonomic}

Logging:
Log output configuration:
 #0: stdout all=warning uptime,level,tags foldmultilines=false
 #1: stderr all=off uptime,level,tags foldmultilines=false

Environment Variables:
JAVA_HOME=C:\Program Files\Java\jdk-21
PATH=C:\Program Files\Common Files\Oracle\Java\javapath;D:\app\oracle\product\19c\db_home1\bin;C:\msys64\mingw64\bin;C:\ProgramData\Oracle\Java\javapath;C:\Windows\system32;C:\Windows;C:\Windows\System32\Wbem;C:\Windows\System32\WindowsPowerShell\v1.0\;C:\Windows\System32\OpenSSH\;C:\Program Files (x86)\NVIDIA Corporation\PhysX\Common;C:\Program Files\NVIDIA Corporation\NVIDIA NvDLISR;C:\WINDOWS\system32;C:\WINDOWS;C:\WINDOWS\System32\Wbem;C:\WINDOWS\System32\WindowsPowerShell\v1.0\;C:\WINDOWS\System32\OpenSSH\;C:\SOFTWARE\MinGW\bin;C:\Program Files\Azure Data Studio\bin;C:\Program Files (x86)\Microsoft SQL Server\160\DTS\Binn\;C:\Program Files (x86)\Microsoft SQL Server\160\Tools\Binn\;C:\Program Files\Microsoft SQL Server\160\Tools\Binn\;C:\Program Files\Microsoft SQL Server\Client SDK\ODBC\170\Tools\Binn\;C:\Program Files\Microsoft SQL Server\160\DTS\Binn\;C:\Program Files\nodejs\;C:\Program Files\Cloudflare\Cloudflare WARP\;C:\Program Files\Java\jdk-11\bin;C:\Program Files\Git\cmd;D:\Code\PYTHON\Scripts\;D:\Code\PYTHON\;C:\SOFTWARE\MinGW\bin;C:\Program Files\Azure Data Studio\bin;C:\Users\PC\AppData\Local\Programs\Microsoft VS Code\bin;C:\Users\PC\AppData\Roaming\npm;D:\IntelliJ IDEA\IntelliJ IDEA 2024.1.1\bin;
USERNAME=PC
OS=Windows_NT
PROCESSOR_IDENTIFIER=Intel64 Family 6 Model 154 Stepping 3, GenuineIntel
TMP=C:\Users\PC\AppData\Local\Temp
TEMP=C:\Users\PC\AppData\Local\Temp




Periodic native trim disabled

---------------  S Y S T E M  ---------------

OS:
 Windows 11 , 64 bit Build 22621 (10.0.22621.3527)
OS uptime: 6 days 0:03 hours
Hyper-V role detected

CPU: total 12 (initial active 12) (6 cores per cpu, 2 threads per core) family 6 model 154 stepping 3 microcode 0x41c, cx8, cmov, fxsr, ht, mmx, 3dnowpref, sse, sse2, sse3, ssse3, sse4.1, sse4.2, popcnt, lzcnt, tsc, tscinvbit, avx, avx2, aes, erms, clmul, bmi1, bmi2, adx, sha, fma, vzeroupper, clflush, clflushopt, clwb, hv, serialize, rdtscp, rdpid, fsrm, f16c, cet_ibt, cet_ss
Processor Information for processor 0
  Max Mhz: 2000, Current Mhz: 2000, Mhz Limit: 2000
Processor Information for processor 1
  Max Mhz: 2000, Current Mhz: 2000, Mhz Limit: 2000
Processor Information for processor 2
  Max Mhz: 2000, Current Mhz: 2000, Mhz Limit: 2000
Processor Information for processor 3
  Max Mhz: 2000, Current Mhz: 2000, Mhz Limit: 2000
Processor Information for processor 4
  Max Mhz: 2000, Current Mhz: 2000, Mhz Limit: 2000
Processor Information for processor 5
  Max Mhz: 2000, Current Mhz: 2000, Mhz Limit: 2000
Processor Information for processor 6
  Max Mhz: 2000, Current Mhz: 2000, Mhz Limit: 2000
Processor Information for processor 7
  Max Mhz: 2000, Current Mhz: 2000, Mhz Limit: 2000
Processor Information for processor 8
  Max Mhz: 2000, Current Mhz: 1500, Mhz Limit: 1500
Processor Information for processor 9
  Max Mhz: 2000, Current Mhz: 1500, Mhz Limit: 1500
Processor Information for processor 10
  Max Mhz: 2000, Current Mhz: 1500, Mhz Limit: 1500
Processor Information for processor 11
  Max Mhz: 2000, Current Mhz: 1500, Mhz Limit: 1500

Memory: 4k page, system-wide physical 7813M (678M free)
TotalPageFile size 20422M (AvailPageFile size 32M)
current process WorkingSet (physical memory assigned to process): 11M, peak: 11M
current process commit charge ("private bytes"): 64M, peak: 188M

vm_info: Java HotSpot(TM) 64-Bit Server VM (21.0.2+13-LTS-58) for windows-amd64 JRE (21.0.2+13-LTS-58), built on 2024-01-05T18:32:24Z by "mach5one" with MS VC++ 17.1 (VS2022)

END.
